<?xml version="1.0" encoding="UTF-8"?>
<coverage generated="1648642359015" clover="3.2.0">
  <project timestamp="1648642359015" name="All files">
    <metrics statements="38" coveredstatements="38" conditionals="8" coveredconditionals="8" methods="10" coveredmethods="10" elements="56" coveredelements="56" complexity="0" loc="38" ncloc="38" packages="2" files="6" classes="6"/>
    <package name="helpers">
      <metrics statements="19" coveredstatements="19" conditionals="0" coveredconditionals="0" methods="8" coveredmethods="8"/>
      <file name="http-response.js" path="C:\Users\wesley\Documents\DEV\node-tdd\src\presentation\helpers\http-response.js">
        <metrics statements="7" coveredstatements="7" conditionals="0" coveredconditionals="0" methods="4" coveredmethods="4"/>
        <line num="2" count="1" type="stmt"/>
        <line num="3" count="1" type="stmt"/>
        <line num="4" count="1" type="stmt"/>
        <line num="6" count="3" type="stmt"/>
        <line num="13" count="8" type="stmt"/>
        <line num="20" count="1" type="stmt"/>
        <line num="27" count="3" type="stmt"/>
      </file>
      <file name="invalid-param-error.js" path="C:\Users\wesley\Documents\DEV\node-tdd\src\presentation\helpers\invalid-param-error.js">
        <metrics statements="3" coveredstatements="3" conditionals="0" coveredconditionals="0" methods="1" coveredmethods="1"/>
        <line num="1" count="1" type="stmt"/>
        <line num="3" count="2" type="stmt"/>
        <line num="4" count="2" type="stmt"/>
      </file>
      <file name="missing-param-error.js" path="C:\Users\wesley\Documents\DEV\node-tdd\src\presentation\helpers\missing-param-error.js">
        <metrics statements="3" coveredstatements="3" conditionals="0" coveredconditionals="0" methods="1" coveredmethods="1"/>
        <line num="1" count="1" type="stmt"/>
        <line num="3" count="4" type="stmt"/>
        <line num="4" count="4" type="stmt"/>
      </file>
      <file name="server-error.js" path="C:\Users\wesley\Documents\DEV\node-tdd\src\presentation\helpers\server-error.js">
        <metrics statements="3" coveredstatements="3" conditionals="0" coveredconditionals="0" methods="1" coveredmethods="1"/>
        <line num="1" count="1" type="stmt"/>
        <line num="3" count="14" type="stmt"/>
        <line num="4" count="14" type="stmt"/>
      </file>
      <file name="unauthorized-error.js" path="C:\Users\wesley\Documents\DEV\node-tdd\src\presentation\helpers\unauthorized-error.js">
        <metrics statements="3" coveredstatements="3" conditionals="0" coveredconditionals="0" methods="1" coveredmethods="1"/>
        <line num="1" count="1" type="stmt"/>
        <line num="3" count="2" type="stmt"/>
        <line num="4" count="2" type="stmt"/>
      </file>
    </package>
    <package name="routers">
      <metrics statements="19" coveredstatements="19" conditionals="8" coveredconditionals="8" methods="2" coveredmethods="2"/>
      <file name="login-router.js" path="C:\Users\wesley\Documents\DEV\node-tdd\src\presentation\routers\login-router.js">
        <metrics statements="19" coveredstatements="19" conditionals="8" coveredconditionals="8" methods="2" coveredmethods="2"/>
        <line num="1" count="1" type="stmt"/>
        <line num="2" count="1" type="stmt"/>
        <line num="3" count="1" type="stmt"/>
        <line num="4" count="1" type="stmt"/>
        <line num="6" count="15" type="stmt"/>
        <line num="7" count="15" type="stmt"/>
        <line num="11" count="15" type="stmt"/>
        <line num="12" count="15" type="stmt"/>
        <line num="13" count="13" type="cond" truecount="2" falsecount="0"/>
        <line num="14" count="1" type="stmt"/>
        <line num="16" count="12" type="cond" truecount="2" falsecount="0"/>
        <line num="17" count="1" type="stmt"/>
        <line num="19" count="5" type="cond" truecount="2" falsecount="0"/>
        <line num="20" count="1" type="stmt"/>
        <line num="23" count="4" type="stmt"/>
        <line num="25" count="4" type="cond" truecount="2" falsecount="0"/>
        <line num="26" count="1" type="stmt"/>
        <line num="28" count="3" type="stmt"/>
        <line num="30" count="8" type="stmt"/>
      </file>
    </package>
  </project>
</coverage>
