TN:
SF:src\presentation\helpers\http-response.js
FN:5,(anonymous_0)
FN:12,(anonymous_1)
FN:19,(anonymous_2)
FN:26,(anonymous_3)
FNF:4
FNH:4
FNDA:3,(anonymous_0)
FNDA:8,(anonymous_1)
FNDA:1,(anonymous_2)
FNDA:3,(anonymous_3)
DA:2,1
DA:3,1
DA:4,1
DA:6,3
DA:13,8
DA:20,1
DA:27,3
LF:7
LH:7
BRF:0
BRH:0
end_of_record
TN:
SF:src\presentation\helpers\invalid-param-error.js
FN:2,(anonymous_0)
FNF:1
FNH:1
FNDA:2,(anonymous_0)
DA:1,1
DA:3,2
DA:4,2
LF:3
LH:3
BRF:0
BRH:0
end_of_record
TN:
SF:src\presentation\helpers\missing-param-error.js
FN:2,(anonymous_0)
FNF:1
FNH:1
FNDA:4,(anonymous_0)
DA:1,1
DA:3,4
DA:4,4
LF:3
LH:3
BRF:0
BRH:0
end_of_record
TN:
SF:src\presentation\helpers\server-error.js
FN:2,(anonymous_0)
FNF:1
FNH:1
FNDA:14,(anonymous_0)
DA:1,1
DA:3,14
DA:4,14
LF:3
LH:3
BRF:0
BRH:0
end_of_record
TN:
SF:src\presentation\helpers\unauthorized-error.js
FN:2,(anonymous_0)
FNF:1
FNH:1
FNDA:2,(anonymous_0)
DA:1,1
DA:3,2
DA:4,2
LF:3
LH:3
BRF:0
BRH:0
end_of_record
TN:
SF:src\presentation\routers\login-router.js
FN:5,(anonymous_0)
FN:10,(anonymous_1)
FNF:2
FNH:2
FNDA:15,(anonymous_0)
FNDA:15,(anonymous_1)
DA:1,1
DA:2,1
DA:3,1
DA:4,1
DA:6,15
DA:7,15
DA:11,15
DA:12,15
DA:13,13
DA:14,1
DA:16,12
DA:17,1
DA:19,5
DA:20,1
DA:23,4
DA:25,4
DA:26,1
DA:28,3
DA:30,8
LF:19
LH:19
BRDA:13,0,0,1
BRDA:13,0,1,12
BRDA:16,1,0,1
BRDA:16,1,1,5
BRDA:19,2,0,1
BRDA:19,2,1,4
BRDA:25,3,0,1
BRDA:25,3,1,3
BRF:8
BRH:8
end_of_record
